<?xml version="1.0" encoding="UTF-8"?>
<!-- Generated by org.testng.reporters.JUnitReportReporter -->
<testsuite hostname="LAPTOP-8BU1SF3T" failures="0" tests="4" name="Testng.PriorityTestNG" time="16.155" errors="0" timestamp="2021-09-02T19:27:49 IST" skipped="0">
  <testcase classname="Testng.PriorityTestNG" name="test" time="5.597"/>
  <system-out/>
  <testcase classname="Testng.PriorityTestNG" name="launchGoogle" time="2.961"/>
  <system-out/>
  <testcase classname="Testng.PriorityTestNG" name="peformSeachAndClick1stLink" time="3.409"/>
  <system-out/>
  <testcase classname="Testng.PriorityTestNG" name="FacebookPageTitleVerification" time="4.188"/>
  <system-out/>
</testsuite> <!-- Testng.PriorityTestNG -->
